0 info it worked if it ends with ok
1 verbose cli [ 'C:\\Program Files\\nodejs\\node.exe',
1 verbose cli   'C:\\Program Files\\nodejs\\node_modules\\npm\\bin\\npm-cli.js',
1 verbose cli   'run',
1 verbose cli   'dev' ]
2 info using npm@3.10.8
3 info using node@v6.9.1
4 verbose run-script [ 'predev', 'dev', 'postdev' ]
5 info lifecycle react-flux-test@1.0.0~predev: react-flux-test@1.0.0
6 silly lifecycle react-flux-test@1.0.0~predev: no script for predev, continuing
7 info lifecycle react-flux-test@1.0.0~dev: react-flux-test@1.0.0
8 verbose lifecycle react-flux-test@1.0.0~dev: unsafe-perm in lifecycle true
9 verbose lifecycle react-flux-test@1.0.0~dev: PATH: D:\software\development\nvm\v6.9.1\node_modules\npm\bin\node-gyp-bin;D:\workspace\web\sandbox\react-flux\node_modules\.bin;C:\ProgramData\Oracle\Java\javapath;C:\Windows\system32;C:\Windows;C:\Windows\System32\Wbem;C:\Windows\System32\WindowsPowerShell\v1.0\;C:\Program Files (x86)\NVIDIA Corporation\PhysX\Common;C:\WINDOWS\system32;C:\WINDOWS;C:\WINDOWS\System32\Wbem;C:\WINDOWS\System32\WindowsPowerShell\v1.0\;D:\software\QuickTime\QTSystem\;C:\Users\wjq51\AppData\Local\Microsoft\WindowsApps;D:\software\development\Git\bin;D:\software\development\nvm;C:\Program Files\nodejs;D:\software\development\TortoiseGit\bin;C:\Users\wjq51\AppData\Local\Microsoft\WindowsApps;D:\software\development\Git\bin;C:\Users\wjq51\AppData\Local\atom\bin
10 verbose lifecycle react-flux-test@1.0.0~dev: CWD: D:\workspace\web\sandbox\react-flux
11 silly lifecycle react-flux-test@1.0.0~dev: Args: [ '/d /s /c',
11 silly lifecycle   'webpack-dev-server --content-base src --inline --hot' ]
12 silly lifecycle react-flux-test@1.0.0~dev: Returned: code: 3221225786  signal: null
13 info lifecycle react-flux-test@1.0.0~dev: Failed to exec dev script
14 verbose stack Error: react-flux-test@1.0.0 dev: `webpack-dev-server --content-base src --inline --hot`
14 verbose stack Exit status 3221225786
14 verbose stack     at EventEmitter.<anonymous> (D:\software\development\nvm\v6.9.1\node_modules\npm\lib\utils\lifecycle.js:255:16)
14 verbose stack     at emitTwo (events.js:106:13)
14 verbose stack     at EventEmitter.emit (events.js:191:7)
14 verbose stack     at ChildProcess.<anonymous> (D:\software\development\nvm\v6.9.1\node_modules\npm\lib\utils\spawn.js:40:14)
14 verbose stack     at emitTwo (events.js:106:13)
14 verbose stack     at ChildProcess.emit (events.js:191:7)
14 verbose stack     at maybeClose (internal/child_process.js:877:16)
14 verbose stack     at Process.ChildProcess._handle.onexit (internal/child_process.js:226:5)
15 verbose pkgid react-flux-test@1.0.0
16 verbose cwd D:\workspace\web\sandbox\react-flux
17 error Windows_NT 10.0.14393
18 error argv "C:\\Program Files\\nodejs\\node.exe" "C:\\Program Files\\nodejs\\node_modules\\npm\\bin\\npm-cli.js" "run" "dev"
19 error node v6.9.1
20 error npm  v3.10.8
21 error code ELIFECYCLE
22 error react-flux-test@1.0.0 dev: `webpack-dev-server --content-base src --inline --hot`
22 error Exit status 3221225786
23 error Failed at the react-flux-test@1.0.0 dev script 'webpack-dev-server --content-base src --inline --hot'.
23 error Make sure you have the latest version of node.js and npm installed.
23 error If you do, this is most likely a problem with the react-flux-test package,
23 error not with npm itself.
23 error Tell the author that this fails on your system:
23 error     webpack-dev-server --content-base src --inline --hot
23 error You can get information on how to open an issue for this project with:
23 error     npm bugs react-flux-test
23 error Or if that isn't available, you can get their info via:
23 error     npm owner ls react-flux-test
23 error There is likely additional logging output above.
24 verbose exit [ 1, true ]
